{"/Users/ringasd/testes-app/App.tsx": {"path":"/Users/ringasd/testes-app/App.tsx","statementMap":{"0":{"start":{"line":9,"column":32},"end":{"line":9,"column":43}},"1":{"start":{"line":10,"column":2},"end":{"line":33,"column":4}},"2":{"start":{"line":17,"column":12},"end":{"line":17,"column":36}},"3":{"start":{"line":25,"column":12},"end":{"line":25,"column":36}},"4":{"start":{"line":31,"column":36},"end":{"line":31,"column":57}},"5":{"start":{"line":36,"column":15},"end":{"line":55,"column":2}}},"fnMap":{"0":{"name":"App","decl":{"start":{"line":8,"column":24},"end":{"line":8,"column":27}},"loc":{"start":{"line":8,"column":30},"end":{"line":34,"column":1}},"line":8},"1":{"name":"(anonymous_1)","decl":{"start":{"line":16,"column":19},"end":{"line":16,"column":20}},"loc":{"start":{"line":16,"column":25},"end":{"line":18,"column":11}},"line":16},"2":{"name":"(anonymous_2)","decl":{"start":{"line":24,"column":19},"end":{"line":24,"column":20}},"loc":{"start":{"line":24,"column":25},"end":{"line":26,"column":11}},"line":24},"3":{"name":"(anonymous_3)","decl":{"start":{"line":31,"column":30},"end":{"line":31,"column":31}},"loc":{"start":{"line":31,"column":36},"end":{"line":31,"column":57}},"line":31}},"branchMap":{},"s":{"0":7,"1":7,"2":1,"3":2,"4":1,"5":1},"f":{"0":7,"1":1,"2":2,"3":1},"b":{},"_coverageSchema":"1a1c01bbd47fc00a2c39e90264f33305004495a9","hash":"bd36738395f953e01341cdce88c9e5da5dc061cc"}
,"/Users/ringasd/testes-app/src/Form.tsx": {"path":"/Users/ringasd/testes-app/src/Form.tsx","statementMap":{"0":{"start":{"line":5,"column":28},"end":{"line":5,"column":40}},"1":{"start":{"line":6,"column":34},"end":{"line":6,"column":46}},"2":{"start":{"line":7,"column":26},"end":{"line":7,"column":38}},"3":{"start":{"line":10,"column":4},"end":{"line":12,"column":5}},"4":{"start":{"line":11,"column":6},"end":{"line":11,"column":34}},"5":{"start":{"line":14,"column":2},"end":{"line":32,"column":4}},"6":{"start":{"line":29,"column":43},"end":{"line":29,"column":71}},"7":{"start":{"line":35,"column":15},"end":{"line":46,"column":2}}},"fnMap":{"0":{"name":"Form","decl":{"start":{"line":4,"column":16},"end":{"line":4,"column":20}},"loc":{"start":{"line":4,"column":23},"end":{"line":33,"column":1}},"line":4},"1":{"name":"handleLogin","decl":{"start":{"line":9,"column":11},"end":{"line":9,"column":22}},"loc":{"start":{"line":9,"column":56},"end":{"line":13,"column":3}},"line":9},"2":{"name":"(anonymous_2)","decl":{"start":{"line":29,"column":37},"end":{"line":29,"column":38}},"loc":{"start":{"line":29,"column":43},"end":{"line":29,"column":71}},"line":29}},"branchMap":{"0":{"loc":{"start":{"line":10,"column":4},"end":{"line":12,"column":5}},"type":"if","locations":[{"start":{"line":10,"column":4},"end":{"line":12,"column":5}},{"start":{},"end":{}}],"line":10},"1":{"loc":{"start":{"line":10,"column":8},"end":{"line":10,"column":60}},"type":"binary-expr","locations":[{"start":{"line":10,"column":8},"end":{"line":10,"column":35}},{"start":{"line":10,"column":39},"end":{"line":10,"column":60}}],"line":10},"2":{"loc":{"start":{"line":30,"column":7},"end":{"line":30,"column":41}},"type":"binary-expr","locations":[{"start":{"line":30,"column":7},"end":{"line":30,"column":18}},{"start":{"line":30,"column":22},"end":{"line":30,"column":41}}],"line":30}},"s":{"0":7,"1":7,"2":7,"3":2,"4":1,"5":7,"6":2,"7":1},"f":{"0":7,"1":2,"2":2},"b":{"0":[1,1],"1":[2,1],"2":[7,1]},"_coverageSchema":"1a1c01bbd47fc00a2c39e90264f33305004495a9","hash":"35df6832fc8d6f5033a1172504b95c62df7e6d98"}
,"/Users/ringasd/testes-app/src/Game.tsx": {"path":"/Users/ringasd/testes-app/src/Game.tsx","statementMap":{"0":{"start":{"line":11,"column":26},"end":{"line":11,"column":76}},"1":{"start":{"line":12,"column":42},"end":{"line":12,"column":54}},"2":{"start":{"line":15,"column":4},"end":{"line":24,"column":5}},"3":{"start":{"line":16,"column":23},"end":{"line":16,"column":65}},"4":{"start":{"line":18,"column":6},"end":{"line":21,"column":9}},"5":{"start":{"line":23,"column":6},"end":{"line":23,"column":46}},"6":{"start":{"line":28,"column":4},"end":{"line":36,"column":5}},"7":{"start":{"line":29,"column":23},"end":{"line":29,"column":64}},"8":{"start":{"line":30,"column":6},"end":{"line":33,"column":9}},"9":{"start":{"line":35,"column":6},"end":{"line":35,"column":46}},"10":{"start":{"line":39,"column":2},"end":{"line":41,"column":9}},"11":{"start":{"line":40,"column":4},"end":{"line":40,"column":16}},"12":{"start":{"line":43,"column":2},"end":{"line":58,"column":4}},"13":{"start":{"line":61,"column":15},"end":{"line":72,"column":2}}},"fnMap":{"0":{"name":"Game","decl":{"start":{"line":10,"column":16},"end":{"line":10,"column":20}},"loc":{"start":{"line":10,"column":23},"end":{"line":59,"column":1}},"line":10},"1":{"name":"fetchGame","decl":{"start":{"line":14,"column":17},"end":{"line":14,"column":26}},"loc":{"start":{"line":14,"column":29},"end":{"line":25,"column":3}},"line":14},"2":{"name":"handleFetchGame","decl":{"start":{"line":27,"column":17},"end":{"line":27,"column":32}},"loc":{"start":{"line":27,"column":35},"end":{"line":37,"column":3}},"line":27},"3":{"name":"(anonymous_3)","decl":{"start":{"line":39,"column":12},"end":{"line":39,"column":13}},"loc":{"start":{"line":39,"column":18},"end":{"line":41,"column":3}},"line":39}},"branchMap":{"0":{"loc":{"start":{"line":45,"column":7},"end":{"line":54,"column":7}},"type":"binary-expr","locations":[{"start":{"line":45,"column":7},"end":{"line":45,"column":11}},{"start":{"line":46,"column":8},"end":{"line":53,"column":11}}],"line":45},"1":{"loc":{"start":{"line":56,"column":7},"end":{"line":56,"column":57}},"type":"binary-expr","locations":[{"start":{"line":56,"column":7},"end":{"line":56,"column":26}},{"start":{"line":56,"column":30},"end":{"line":56,"column":57}}],"line":56}},"s":{"0":10,"1":10,"2":4,"3":4,"4":1,"5":3,"6":2,"7":2,"8":1,"9":1,"10":10,"11":4,"12":10,"13":1},"f":{"0":10,"1":4,"2":2,"3":4},"b":{"0":[10,10],"1":[10,4]},"_coverageSchema":"1a1c01bbd47fc00a2c39e90264f33305004495a9","hash":"cdd665d580d80f5488e97df2c660dd0fe4574d26"}
,"/Users/ringasd/testes-app/src/Message.tsx": {"path":"/Users/ringasd/testes-app/src/Message.tsx","statementMap":{"0":{"start":{"line":5,"column":40},"end":{"line":5,"column":55}},"1":{"start":{"line":6,"column":2},"end":{"line":13,"column":4}},"2":{"start":{"line":11,"column":45},"end":{"line":11,"column":73}}},"fnMap":{"0":{"name":"Message","decl":{"start":{"line":4,"column":16},"end":{"line":4,"column":23}},"loc":{"start":{"line":4,"column":26},"end":{"line":14,"column":1}},"line":4},"1":{"name":"(anonymous_1)","decl":{"start":{"line":11,"column":39},"end":{"line":11,"column":40}},"loc":{"start":{"line":11,"column":45},"end":{"line":11,"column":73}},"line":11}},"branchMap":{"0":{"loc":{"start":{"line":9,"column":9},"end":{"line":9,"column":57}},"type":"cond-expr","locations":[{"start":{"line":9,"column":23},"end":{"line":9,"column":42}},{"start":{"line":9,"column":45},"end":{"line":9,"column":57}}],"line":9}},"s":{"0":3,"1":3,"2":1},"f":{"0":3,"1":1},"b":{"0":[1,2]},"_coverageSchema":"1a1c01bbd47fc00a2c39e90264f33305004495a9","hash":"865f5913dbdd365755b970fda2f1105a10e3dc2e"}
,"/Users/ringasd/testes-app/src/Title.tsx": {"path":"/Users/ringasd/testes-app/src/Title.tsx","statementMap":{"0":{"start":{"line":7,"column":2},"end":{"line":7,"column":51}},"1":{"start":{"line":9,"column":15},"end":{"line":15,"column":2}}},"fnMap":{"0":{"name":"Title","decl":{"start":{"line":6,"column":16},"end":{"line":6,"column":21}},"loc":{"start":{"line":6,"column":40},"end":{"line":8,"column":1}},"line":6}},"branchMap":{},"s":{"0":9,"1":2},"f":{"0":9},"b":{},"_coverageSchema":"1a1c01bbd47fc00a2c39e90264f33305004495a9","hash":"adf1e131a1f4204db20aa0c39d68196693982e92"}
,"/Users/ringasd/testes-app/src/Welcome.tsx": {"path":"/Users/ringasd/testes-app/src/Welcome.tsx","statementMap":{"0":{"start":{"line":5,"column":28},"end":{"line":5,"column":40}},"1":{"start":{"line":6,"column":26},"end":{"line":6,"column":38}},"2":{"start":{"line":9,"column":4},"end":{"line":12,"column":5}},"3":{"start":{"line":10,"column":6},"end":{"line":10,"column":18}},"4":{"start":{"line":11,"column":6},"end":{"line":11,"column":13}},"5":{"start":{"line":13,"column":18},"end":{"line":13,"column":36}},"6":{"start":{"line":14,"column":4},"end":{"line":14,"column":21}},"7":{"start":{"line":15,"column":4},"end":{"line":15,"column":20}},"8":{"start":{"line":18,"column":2},"end":{"line":31,"column":4}},"9":{"start":{"line":34,"column":15},"end":{"line":45,"column":2}}},"fnMap":{"0":{"name":"Welcome","decl":{"start":{"line":4,"column":16},"end":{"line":4,"column":23}},"loc":{"start":{"line":4,"column":74},"end":{"line":32,"column":1}},"line":4},"1":{"name":"handleShowUser","decl":{"start":{"line":8,"column":11},"end":{"line":8,"column":25}},"loc":{"start":{"line":8,"column":28},"end":{"line":16,"column":3}},"line":8}},"branchMap":{"0":{"loc":{"start":{"line":9,"column":4},"end":{"line":12,"column":5}},"type":"if","locations":[{"start":{"line":9,"column":4},"end":{"line":12,"column":5}},{"start":{},"end":{}}],"line":9},"1":{"loc":{"start":{"line":29,"column":7},"end":{"line":29,"column":41}},"type":"binary-expr","locations":[{"start":{"line":29,"column":7},"end":{"line":29,"column":18}},{"start":{"line":29,"column":22},"end":{"line":29,"column":41}}],"line":29}},"s":{"0":13,"1":13,"2":3,"3":1,"4":1,"5":2,"6":2,"7":2,"8":13,"9":2},"f":{"0":13,"1":3},"b":{"0":[1,2],"1":[13,2]},"_coverageSchema":"1a1c01bbd47fc00a2c39e90264f33305004495a9","hash":"2c1bc6df717aa88d29547536612da11084a44b67"}
,"/Users/ringasd/testes-app/src/services/api.ts": {"path":"/Users/ringasd/testes-app/src/services/api.ts","statementMap":{"0":{"start":{"line":3,"column":12},"end":{"line":5,"column":2}}},"fnMap":{},"branchMap":{},"s":{"0":1},"f":{},"b":{},"_coverageSchema":"1a1c01bbd47fc00a2c39e90264f33305004495a9","hash":"26c28f1101810ffc75569312daa16f4e50c28c18"}
}
