TN:
SF:App.tsx
FN:8,App
FN:16,(anonymous_1)
FN:24,(anonymous_2)
FN:31,(anonymous_3)
FNF:4
FNH:3
FNDA:6,App
FNDA:1,(anonymous_1)
FNDA:2,(anonymous_2)
FNDA:0,(anonymous_3)
DA:9,6
DA:10,6
DA:17,1
DA:25,2
DA:31,0
DA:36,1
LF:6
LH:5
BRF:0
BRH:0
end_of_record
TN:
SF:src/Form.tsx
FN:4,Form
FN:9,handleLogin
FN:29,(anonymous_2)
FNF:3
FNH:3
FNDA:7,Form
FNDA:2,handleLogin
FNDA:2,(anonymous_2)
DA:5,7
DA:6,7
DA:7,7
DA:10,2
DA:11,1
DA:14,7
DA:29,2
DA:35,1
LF:8
LH:8
BRDA:10,0,0,1
BRDA:10,0,1,1
BRDA:10,1,0,2
BRDA:10,1,1,1
BRDA:30,2,0,7
BRDA:30,2,1,1
BRF:6
BRH:6
end_of_record
TN:
SF:src/Game.tsx
FN:10,Game
FN:14,fetchGame
FN:27,handleFetchGame
FN:39,(anonymous_3)
FNF:4
FNH:4
FNDA:10,Game
FNDA:4,fetchGame
FNDA:2,handleFetchGame
FNDA:4,(anonymous_3)
DA:11,10
DA:12,10
DA:15,4
DA:16,4
DA:18,1
DA:23,3
DA:28,2
DA:29,2
DA:30,1
DA:35,1
DA:39,10
DA:40,4
DA:43,10
DA:61,1
LF:14
LH:14
BRDA:45,0,0,10
BRDA:45,0,1,10
BRDA:56,1,0,10
BRDA:56,1,1,4
BRF:4
BRH:4
end_of_record
TN:
SF:src/Message.tsx
FN:4,Message
FN:11,(anonymous_1)
FNF:2
FNH:2
FNDA:3,Message
FNDA:1,(anonymous_1)
DA:5,3
DA:6,3
DA:11,1
LF:3
LH:3
BRDA:9,0,0,1
BRDA:9,0,1,2
BRF:2
BRH:2
end_of_record
TN:
SF:src/Title.tsx
FN:6,Title
FNF:1
FNH:1
FNDA:8,Title
DA:7,8
DA:9,2
LF:2
LH:2
BRF:0
BRH:0
end_of_record
TN:
SF:src/Welcome.tsx
FN:4,Welcome
FN:8,handleShowUser
FNF:2
FNH:1
FNDA:6,Welcome
FNDA:0,handleShowUser
DA:5,6
DA:6,6
DA:9,0
DA:10,0
DA:11,0
DA:13,0
DA:14,0
DA:15,0
DA:18,6
DA:34,1
LF:10
LH:4
BRDA:9,0,0,0
BRDA:9,0,1,0
BRDA:29,1,0,6
BRDA:29,1,1,0
BRF:4
BRH:1
end_of_record
TN:
SF:src/services/api.ts
FNF:0
FNH:0
DA:3,1
LF:1
LH:1
BRF:0
BRH:0
end_of_record
